<?xml version="1.0" encoding="UTF-8"?>
<testsuite xmlns:xsi="http://www.w3.org/2001/XMLSchema-instance" xsi:noNamespaceSchemaLocation="https://maven.apache.org/surefire/maven-surefire-plugin/xsd/surefire-test-report.xsd" name="com.coffee.SeckillApplicationTests" time="4.852" tests="1" errors="0" skipped="0" failures="0">
  <properties>
    <property name="sun.desktop" value="windows"/>
    <property name="awt.toolkit" value="sun.awt.windows.WToolkit"/>
    <property name="file.encoding.pkg" value="sun.io"/>
    <property name="java.specification.version" value="1.8"/>
    <property name="sun.cpu.isalist" value="amd64"/>
    <property name="sun.jnu.encoding" value="GBK"/>
    <property name="java.class.path" value="D:\Helloworld\IdeaProjects\seckill\target\test-classes;D:\Helloworld\IdeaProjects\seckill\target\classes;D:\Apache Software Foundation\apache-maven-3.8.1-bin\repository\org\springframework\boot\spring-boot-starter-thymeleaf\2.6.3\spring-boot-starter-thymeleaf-2.6.3.jar;D:\Apache Software Foundation\apache-maven-3.8.1-bin\repository\org\springframework\boot\spring-boot-starter\2.6.3\spring-boot-starter-2.6.3.jar;D:\Apache Software Foundation\apache-maven-3.8.1-bin\repository\org\springframework\boot\spring-boot\2.6.3\spring-boot-2.6.3.jar;D:\Apache Software Foundation\apache-maven-3.8.1-bin\repository\org\springframework\boot\spring-boot-starter-logging\2.6.3\spring-boot-starter-logging-2.6.3.jar;D:\Apache Software Foundation\apache-maven-3.8.1-bin\repository\ch\qos\logback\logback-classic\1.2.10\logback-classic-1.2.10.jar;D:\Apache Software Foundation\apache-maven-3.8.1-bin\repository\ch\qos\logback\logback-core\1.2.10\logback-core-1.2.10.jar;D:\Apache Software Foundation\apache-maven-3.8.1-bin\repository\org\apache\logging\log4j\log4j-to-slf4j\2.17.1\log4j-to-slf4j-2.17.1.jar;D:\Apache Software Foundation\apache-maven-3.8.1-bin\repository\org\apache\logging\log4j\log4j-api\2.17.1\log4j-api-2.17.1.jar;D:\Apache Software Foundation\apache-maven-3.8.1-bin\repository\org\slf4j\jul-to-slf4j\1.7.33\jul-to-slf4j-1.7.33.jar;D:\Apache Software Foundation\apache-maven-3.8.1-bin\repository\jakarta\annotation\jakarta.annotation-api\1.3.5\jakarta.annotation-api-1.3.5.jar;D:\Apache Software Foundation\apache-maven-3.8.1-bin\repository\org\yaml\snakeyaml\1.29\snakeyaml-1.29.jar;D:\Apache Software Foundation\apache-maven-3.8.1-bin\repository\org\thymeleaf\thymeleaf-spring5\3.0.14.RELEASE\thymeleaf-spring5-3.0.14.RELEASE.jar;D:\Apache Software Foundation\apache-maven-3.8.1-bin\repository\org\thymeleaf\thymeleaf\3.0.14.RELEASE\thymeleaf-3.0.14.RELEASE.jar;D:\Apache Software Foundation\apache-maven-3.8.1-bin\repository\org\attoparser\attoparser\2.0.5.RELEASE\attoparser-2.0.5.RELEASE.jar;D:\Apache Software Foundation\apache-maven-3.8.1-bin\repository\org\unbescape\unbescape\1.1.6.RELEASE\unbescape-1.1.6.RELEASE.jar;D:\Apache Software Foundation\apache-maven-3.8.1-bin\repository\org\slf4j\slf4j-api\1.7.33\slf4j-api-1.7.33.jar;D:\Apache Software Foundation\apache-maven-3.8.1-bin\repository\org\thymeleaf\extras\thymeleaf-extras-java8time\3.0.4.RELEASE\thymeleaf-extras-java8time-3.0.4.RELEASE.jar;D:\Apache Software Foundation\apache-maven-3.8.1-bin\repository\org\springframework\boot\spring-boot-starter-web\2.6.3\spring-boot-starter-web-2.6.3.jar;D:\Apache Software Foundation\apache-maven-3.8.1-bin\repository\org\springframework\boot\spring-boot-starter-json\2.6.3\spring-boot-starter-json-2.6.3.jar;D:\Apache Software Foundation\apache-maven-3.8.1-bin\repository\com\fasterxml\jackson\core\jackson-databind\2.13.1\jackson-databind-2.13.1.jar;D:\Apache Software Foundation\apache-maven-3.8.1-bin\repository\com\fasterxml\jackson\core\jackson-annotations\2.13.1\jackson-annotations-2.13.1.jar;D:\Apache Software Foundation\apache-maven-3.8.1-bin\repository\com\fasterxml\jackson\core\jackson-core\2.13.1\jackson-core-2.13.1.jar;D:\Apache Software Foundation\apache-maven-3.8.1-bin\repository\com\fasterxml\jackson\datatype\jackson-datatype-jdk8\2.13.1\jackson-datatype-jdk8-2.13.1.jar;D:\Apache Software Foundation\apache-maven-3.8.1-bin\repository\com\fasterxml\jackson\datatype\jackson-datatype-jsr310\2.13.1\jackson-datatype-jsr310-2.13.1.jar;D:\Apache Software Foundation\apache-maven-3.8.1-bin\repository\com\fasterxml\jackson\module\jackson-module-parameter-names\2.13.1\jackson-module-parameter-names-2.13.1.jar;D:\Apache Software Foundation\apache-maven-3.8.1-bin\repository\org\springframework\boot\spring-boot-starter-tomcat\2.6.3\spring-boot-starter-tomcat-2.6.3.jar;D:\Apache Software Foundation\apache-maven-3.8.1-bin\repository\org\apache\tomcat\embed\tomcat-embed-core\9.0.56\tomcat-embed-core-9.0.56.jar;D:\Apache Software Foundation\apache-maven-3.8.1-bin\repository\org\apache\tomcat\embed\tomcat-embed-websocket\9.0.56\tomcat-embed-websocket-9.0.56.jar;D:\Apache Software Foundation\apache-maven-3.8.1-bin\repository\org\springframework\spring-web\5.3.15\spring-web-5.3.15.jar;D:\Apache Software Foundation\apache-maven-3.8.1-bin\repository\org\springframework\spring-beans\5.3.15\spring-beans-5.3.15.jar;D:\Apache Software Foundation\apache-maven-3.8.1-bin\repository\org\springframework\spring-webmvc\5.3.15\spring-webmvc-5.3.15.jar;D:\Apache Software Foundation\apache-maven-3.8.1-bin\repository\org\springframework\spring-aop\5.3.15\spring-aop-5.3.15.jar;D:\Apache Software Foundation\apache-maven-3.8.1-bin\repository\org\springframework\spring-context\5.3.15\spring-context-5.3.15.jar;D:\Apache Software Foundation\apache-maven-3.8.1-bin\repository\org\springframework\spring-expression\5.3.15\spring-expression-5.3.15.jar;D:\Apache Software Foundation\apache-maven-3.8.1-bin\repository\mysql\mysql-connector-java\8.0.28\mysql-connector-java-8.0.28.jar;D:\Apache Software Foundation\apache-maven-3.8.1-bin\repository\org\projectlombok\lombok\1.18.22\lombok-1.18.22.jar;D:\Apache Software Foundation\apache-maven-3.8.1-bin\repository\org\springframework\boot\spring-boot-starter-test\2.6.3\spring-boot-starter-test-2.6.3.jar;D:\Apache Software Foundation\apache-maven-3.8.1-bin\repository\org\springframework\boot\spring-boot-test\2.6.3\spring-boot-test-2.6.3.jar;D:\Apache Software Foundation\apache-maven-3.8.1-bin\repository\org\springframework\boot\spring-boot-test-autoconfigure\2.6.3\spring-boot-test-autoconfigure-2.6.3.jar;D:\Apache Software Foundation\apache-maven-3.8.1-bin\repository\com\jayway\jsonpath\json-path\2.6.0\json-path-2.6.0.jar;D:\Apache Software Foundation\apache-maven-3.8.1-bin\repository\net\minidev\json-smart\2.4.7\json-smart-2.4.7.jar;D:\Apache Software Foundation\apache-maven-3.8.1-bin\repository\net\minidev\accessors-smart\2.4.7\accessors-smart-2.4.7.jar;D:\Apache Software Foundation\apache-maven-3.8.1-bin\repository\org\ow2\asm\asm\9.1\asm-9.1.jar;D:\Apache Software Foundation\apache-maven-3.8.1-bin\repository\jakarta\xml\bind\jakarta.xml.bind-api\2.3.3\jakarta.xml.bind-api-2.3.3.jar;D:\Apache Software Foundation\apache-maven-3.8.1-bin\repository\jakarta\activation\jakarta.activation-api\1.2.2\jakarta.activation-api-1.2.2.jar;D:\Apache Software Foundation\apache-maven-3.8.1-bin\repository\org\assertj\assertj-core\3.21.0\assertj-core-3.21.0.jar;D:\Apache Software Foundation\apache-maven-3.8.1-bin\repository\org\hamcrest\hamcrest\2.2\hamcrest-2.2.jar;D:\Apache Software Foundation\apache-maven-3.8.1-bin\repository\org\junit\jupiter\junit-jupiter\5.8.2\junit-jupiter-5.8.2.jar;D:\Apache Software Foundation\apache-maven-3.8.1-bin\repository\org\junit\jupiter\junit-jupiter-api\5.8.2\junit-jupiter-api-5.8.2.jar;D:\Apache Software Foundation\apache-maven-3.8.1-bin\repository\org\opentest4j\opentest4j\1.2.0\opentest4j-1.2.0.jar;D:\Apache Software Foundation\apache-maven-3.8.1-bin\repository\org\junit\platform\junit-platform-commons\1.8.2\junit-platform-commons-1.8.2.jar;D:\Apache Software Foundation\apache-maven-3.8.1-bin\repository\org\apiguardian\apiguardian-api\1.1.2\apiguardian-api-1.1.2.jar;D:\Apache Software Foundation\apache-maven-3.8.1-bin\repository\org\junit\jupiter\junit-jupiter-params\5.8.2\junit-jupiter-params-5.8.2.jar;D:\Apache Software Foundation\apache-maven-3.8.1-bin\repository\org\junit\jupiter\junit-jupiter-engine\5.8.2\junit-jupiter-engine-5.8.2.jar;D:\Apache Software Foundation\apache-maven-3.8.1-bin\repository\org\junit\platform\junit-platform-engine\1.8.2\junit-platform-engine-1.8.2.jar;D:\Apache Software Foundation\apache-maven-3.8.1-bin\repository\org\mockito\mockito-core\4.0.0\mockito-core-4.0.0.jar;D:\Apache Software Foundation\apache-maven-3.8.1-bin\repository\net\bytebuddy\byte-buddy\1.11.22\byte-buddy-1.11.22.jar;D:\Apache Software Foundation\apache-maven-3.8.1-bin\repository\net\bytebuddy\byte-buddy-agent\1.11.22\byte-buddy-agent-1.11.22.jar;D:\Apache Software Foundation\apache-maven-3.8.1-bin\repository\org\objenesis\objenesis\3.2\objenesis-3.2.jar;D:\Apache Software Foundation\apache-maven-3.8.1-bin\repository\org\mockito\mockito-junit-jupiter\4.0.0\mockito-junit-jupiter-4.0.0.jar;D:\Apache Software Foundation\apache-maven-3.8.1-bin\repository\org\skyscreamer\jsonassert\1.5.0\jsonassert-1.5.0.jar;D:\Apache Software Foundation\apache-maven-3.8.1-bin\repository\com\vaadin\external\google\android-json\0.0.20131108.vaadin1\android-json-0.0.20131108.vaadin1.jar;D:\Apache Software Foundation\apache-maven-3.8.1-bin\repository\org\springframework\spring-core\5.3.15\spring-core-5.3.15.jar;D:\Apache Software Foundation\apache-maven-3.8.1-bin\repository\org\springframework\spring-jcl\5.3.15\spring-jcl-5.3.15.jar;D:\Apache Software Foundation\apache-maven-3.8.1-bin\repository\org\springframework\spring-test\5.3.15\spring-test-5.3.15.jar;D:\Apache Software Foundation\apache-maven-3.8.1-bin\repository\org\xmlunit\xmlunit-core\2.8.4\xmlunit-core-2.8.4.jar;D:\Apache Software Foundation\apache-maven-3.8.1-bin\repository\com\baomidou\mybatis-plus-generator\3.4.0\mybatis-plus-generator-3.4.0.jar;D:\Apache Software Foundation\apache-maven-3.8.1-bin\repository\com\baomidou\mybatis-plus-extension\3.4.0\mybatis-plus-extension-3.4.0.jar;D:\Apache Software Foundation\apache-maven-3.8.1-bin\repository\com\baomidou\mybatis-plus-core\3.4.0\mybatis-plus-core-3.4.0.jar;D:\Apache Software Foundation\apache-maven-3.8.1-bin\repository\com\baomidou\mybatis-plus-annotation\3.4.0\mybatis-plus-annotation-3.4.0.jar;D:\Apache Software Foundation\apache-maven-3.8.1-bin\repository\com\github\jsqlparser\jsqlparser\3.2\jsqlparser-3.2.jar;D:\Apache Software Foundation\apache-maven-3.8.1-bin\repository\org\mybatis\mybatis\3.5.5\mybatis-3.5.5.jar;D:\Apache Software Foundation\apache-maven-3.8.1-bin\repository\org\mybatis\mybatis-spring\2.0.5\mybatis-spring-2.0.5.jar;D:\Apache Software Foundation\apache-maven-3.8.1-bin\repository\com\baomidou\mybatis-plus-boot-starter\3.4.0\mybatis-plus-boot-starter-3.4.0.jar;D:\Apache Software Foundation\apache-maven-3.8.1-bin\repository\com\baomidou\mybatis-plus\3.4.0\mybatis-plus-3.4.0.jar;D:\Apache Software Foundation\apache-maven-3.8.1-bin\repository\org\springframework\boot\spring-boot-autoconfigure\2.6.3\spring-boot-autoconfigure-2.6.3.jar;D:\Apache Software Foundation\apache-maven-3.8.1-bin\repository\org\springframework\boot\spring-boot-starter-jdbc\2.6.3\spring-boot-starter-jdbc-2.6.3.jar;D:\Apache Software Foundation\apache-maven-3.8.1-bin\repository\com\zaxxer\HikariCP\4.0.3\HikariCP-4.0.3.jar;D:\Apache Software Foundation\apache-maven-3.8.1-bin\repository\org\springframework\spring-jdbc\5.3.15\spring-jdbc-5.3.15.jar;D:\Apache Software Foundation\apache-maven-3.8.1-bin\repository\org\freemarker\freemarker\2.3.31\freemarker-2.3.31.jar;D:\Apache Software Foundation\apache-maven-3.8.1-bin\repository\commons-codec\commons-codec\1.15\commons-codec-1.15.jar;D:\Apache Software Foundation\apache-maven-3.8.1-bin\repository\org\apache\commons\commons-lang3\3.6\commons-lang3-3.6.jar;D:\Apache Software Foundation\apache-maven-3.8.1-bin\repository\org\springframework\boot\spring-boot-starter-validation\2.6.3\spring-boot-starter-validation-2.6.3.jar;D:\Apache Software Foundation\apache-maven-3.8.1-bin\repository\org\apache\tomcat\embed\tomcat-embed-el\9.0.56\tomcat-embed-el-9.0.56.jar;D:\Apache Software Foundation\apache-maven-3.8.1-bin\repository\org\hibernate\validator\hibernate-validator\6.2.0.Final\hibernate-validator-6.2.0.Final.jar;D:\Apache Software Foundation\apache-maven-3.8.1-bin\repository\jakarta\validation\jakarta.validation-api\2.0.2\jakarta.validation-api-2.0.2.jar;D:\Apache Software Foundation\apache-maven-3.8.1-bin\repository\org\jboss\logging\jboss-logging\3.4.3.Final\jboss-logging-3.4.3.Final.jar;D:\Apache Software Foundation\apache-maven-3.8.1-bin\repository\com\fasterxml\classmate\1.5.1\classmate-1.5.1.jar;D:\Apache Software Foundation\apache-maven-3.8.1-bin\repository\org\springframework\boot\spring-boot-starter-data-redis\2.6.3\spring-boot-starter-data-redis-2.6.3.jar;D:\Apache Software Foundation\apache-maven-3.8.1-bin\repository\org\springframework\data\spring-data-redis\2.6.1\spring-data-redis-2.6.1.jar;D:\Apache Software Foundation\apache-maven-3.8.1-bin\repository\org\springframework\data\spring-data-keyvalue\2.6.1\spring-data-keyvalue-2.6.1.jar;D:\Apache Software Foundation\apache-maven-3.8.1-bin\repository\org\springframework\data\spring-data-commons\2.6.1\spring-data-commons-2.6.1.jar;D:\Apache Software Foundation\apache-maven-3.8.1-bin\repository\org\springframework\spring-tx\5.3.15\spring-tx-5.3.15.jar;D:\Apache Software Foundation\apache-maven-3.8.1-bin\repository\org\springframework\spring-oxm\5.3.15\spring-oxm-5.3.15.jar;D:\Apache Software Foundation\apache-maven-3.8.1-bin\repository\org\springframework\spring-context-support\5.3.15\spring-context-support-5.3.15.jar;D:\Apache Software Foundation\apache-maven-3.8.1-bin\repository\io\lettuce\lettuce-core\6.1.6.RELEASE\lettuce-core-6.1.6.RELEASE.jar;D:\Apache Software Foundation\apache-maven-3.8.1-bin\repository\io\netty\netty-common\4.1.73.Final\netty-common-4.1.73.Final.jar;D:\Apache Software Foundation\apache-maven-3.8.1-bin\repository\io\netty\netty-handler\4.1.73.Final\netty-handler-4.1.73.Final.jar;D:\Apache Software Foundation\apache-maven-3.8.1-bin\repository\io\netty\netty-resolver\4.1.73.Final\netty-resolver-4.1.73.Final.jar;D:\Apache Software Foundation\apache-maven-3.8.1-bin\repository\io\netty\netty-buffer\4.1.73.Final\netty-buffer-4.1.73.Final.jar;D:\Apache Software Foundation\apache-maven-3.8.1-bin\repository\io\netty\netty-codec\4.1.73.Final\netty-codec-4.1.73.Final.jar;D:\Apache Software Foundation\apache-maven-3.8.1-bin\repository\io\netty\netty-tcnative-classes\2.0.46.Final\netty-tcnative-classes-2.0.46.Final.jar;D:\Apache Software Foundation\apache-maven-3.8.1-bin\repository\io\netty\netty-transport\4.1.73.Final\netty-transport-4.1.73.Final.jar;D:\Apache Software Foundation\apache-maven-3.8.1-bin\repository\io\projectreactor\reactor-core\3.4.14\reactor-core-3.4.14.jar;D:\Apache Software Foundation\apache-maven-3.8.1-bin\repository\org\reactivestreams\reactive-streams\1.0.3\reactive-streams-1.0.3.jar;D:\Apache Software Foundation\apache-maven-3.8.1-bin\repository\org\apache\commons\commons-pool2\2.11.1\commons-pool2-2.11.1.jar;"/>
    <property name="java.vm.vendor" value="Oracle Corporation"/>
    <property name="sun.arch.data.model" value="64"/>
    <property name="user.variant" value=""/>
    <property name="java.vendor.url" value="http://java.oracle.com/"/>
    <property name="user.timezone" value="Asia/Shanghai"/>
    <property name="java.vm.specification.version" value="1.8"/>
    <property name="os.name" value="Windows 10"/>
    <property name="user.country" value="CN"/>
    <property name="sun.java.launcher" value="SUN_STANDARD"/>
    <property name="sun.boot.library.path" value="D:\Java\jdk1.8.0_271\jre\bin"/>
    <property name="sun.java.command" value="C:\Users\12072\AppData\Local\Temp\surefire2840716758971414316\surefirebooter526431143078999878.jar C:\Users\12072\AppData\Local\Temp\surefire2840716758971414316 2022-06-22T17-33-05_926-jvmRun1 surefire4986972951488315816tmp surefire_02837310286383332360tmp"/>
    <property name="surefire.test.class.path" value="D:\Helloworld\IdeaProjects\seckill\target\test-classes;D:\Helloworld\IdeaProjects\seckill\target\classes;D:\Apache Software Foundation\apache-maven-3.8.1-bin\repository\org\springframework\boot\spring-boot-starter-thymeleaf\2.6.3\spring-boot-starter-thymeleaf-2.6.3.jar;D:\Apache Software Foundation\apache-maven-3.8.1-bin\repository\org\springframework\boot\spring-boot-starter\2.6.3\spring-boot-starter-2.6.3.jar;D:\Apache Software Foundation\apache-maven-3.8.1-bin\repository\org\springframework\boot\spring-boot\2.6.3\spring-boot-2.6.3.jar;D:\Apache Software Foundation\apache-maven-3.8.1-bin\repository\org\springframework\boot\spring-boot-starter-logging\2.6.3\spring-boot-starter-logging-2.6.3.jar;D:\Apache Software Foundation\apache-maven-3.8.1-bin\repository\ch\qos\logback\logback-classic\1.2.10\logback-classic-1.2.10.jar;D:\Apache Software Foundation\apache-maven-3.8.1-bin\repository\ch\qos\logback\logback-core\1.2.10\logback-core-1.2.10.jar;D:\Apache Software Foundation\apache-maven-3.8.1-bin\repository\org\apache\logging\log4j\log4j-to-slf4j\2.17.1\log4j-to-slf4j-2.17.1.jar;D:\Apache Software Foundation\apache-maven-3.8.1-bin\repository\org\apache\logging\log4j\log4j-api\2.17.1\log4j-api-2.17.1.jar;D:\Apache Software Foundation\apache-maven-3.8.1-bin\repository\org\slf4j\jul-to-slf4j\1.7.33\jul-to-slf4j-1.7.33.jar;D:\Apache Software Foundation\apache-maven-3.8.1-bin\repository\jakarta\annotation\jakarta.annotation-api\1.3.5\jakarta.annotation-api-1.3.5.jar;D:\Apache Software Foundation\apache-maven-3.8.1-bin\repository\org\yaml\snakeyaml\1.29\snakeyaml-1.29.jar;D:\Apache Software Foundation\apache-maven-3.8.1-bin\repository\org\thymeleaf\thymeleaf-spring5\3.0.14.RELEASE\thymeleaf-spring5-3.0.14.RELEASE.jar;D:\Apache Software Foundation\apache-maven-3.8.1-bin\repository\org\thymeleaf\thymeleaf\3.0.14.RELEASE\thymeleaf-3.0.14.RELEASE.jar;D:\Apache Software Foundation\apache-maven-3.8.1-bin\repository\org\attoparser\attoparser\2.0.5.RELEASE\attoparser-2.0.5.RELEASE.jar;D:\Apache Software Foundation\apache-maven-3.8.1-bin\repository\org\unbescape\unbescape\1.1.6.RELEASE\unbescape-1.1.6.RELEASE.jar;D:\Apache Software Foundation\apache-maven-3.8.1-bin\repository\org\slf4j\slf4j-api\1.7.33\slf4j-api-1.7.33.jar;D:\Apache Software Foundation\apache-maven-3.8.1-bin\repository\org\thymeleaf\extras\thymeleaf-extras-java8time\3.0.4.RELEASE\thymeleaf-extras-java8time-3.0.4.RELEASE.jar;D:\Apache Software Foundation\apache-maven-3.8.1-bin\repository\org\springframework\boot\spring-boot-starter-web\2.6.3\spring-boot-starter-web-2.6.3.jar;D:\Apache Software Foundation\apache-maven-3.8.1-bin\repository\org\springframework\boot\spring-boot-starter-json\2.6.3\spring-boot-starter-json-2.6.3.jar;D:\Apache Software Foundation\apache-maven-3.8.1-bin\repository\com\fasterxml\jackson\core\jackson-databind\2.13.1\jackson-databind-2.13.1.jar;D:\Apache Software Foundation\apache-maven-3.8.1-bin\repository\com\fasterxml\jackson\core\jackson-annotations\2.13.1\jackson-annotations-2.13.1.jar;D:\Apache Software Foundation\apache-maven-3.8.1-bin\repository\com\fasterxml\jackson\core\jackson-core\2.13.1\jackson-core-2.13.1.jar;D:\Apache Software Foundation\apache-maven-3.8.1-bin\repository\com\fasterxml\jackson\datatype\jackson-datatype-jdk8\2.13.1\jackson-datatype-jdk8-2.13.1.jar;D:\Apache Software Foundation\apache-maven-3.8.1-bin\repository\com\fasterxml\jackson\datatype\jackson-datatype-jsr310\2.13.1\jackson-datatype-jsr310-2.13.1.jar;D:\Apache Software Foundation\apache-maven-3.8.1-bin\repository\com\fasterxml\jackson\module\jackson-module-parameter-names\2.13.1\jackson-module-parameter-names-2.13.1.jar;D:\Apache Software Foundation\apache-maven-3.8.1-bin\repository\org\springframework\boot\spring-boot-starter-tomcat\2.6.3\spring-boot-starter-tomcat-2.6.3.jar;D:\Apache Software Foundation\apache-maven-3.8.1-bin\repository\org\apache\tomcat\embed\tomcat-embed-core\9.0.56\tomcat-embed-core-9.0.56.jar;D:\Apache Software Foundation\apache-maven-3.8.1-bin\repository\org\apache\tomcat\embed\tomcat-embed-websocket\9.0.56\tomcat-embed-websocket-9.0.56.jar;D:\Apache Software Foundation\apache-maven-3.8.1-bin\repository\org\springframework\spring-web\5.3.15\spring-web-5.3.15.jar;D:\Apache Software Foundation\apache-maven-3.8.1-bin\repository\org\springframework\spring-beans\5.3.15\spring-beans-5.3.15.jar;D:\Apache Software Foundation\apache-maven-3.8.1-bin\repository\org\springframework\spring-webmvc\5.3.15\spring-webmvc-5.3.15.jar;D:\Apache Software Foundation\apache-maven-3.8.1-bin\repository\org\springframework\spring-aop\5.3.15\spring-aop-5.3.15.jar;D:\Apache Software Foundation\apache-maven-3.8.1-bin\repository\org\springframework\spring-context\5.3.15\spring-context-5.3.15.jar;D:\Apache Software Foundation\apache-maven-3.8.1-bin\repository\org\springframework\spring-expression\5.3.15\spring-expression-5.3.15.jar;D:\Apache Software Foundation\apache-maven-3.8.1-bin\repository\mysql\mysql-connector-java\8.0.28\mysql-connector-java-8.0.28.jar;D:\Apache Software Foundation\apache-maven-3.8.1-bin\repository\org\projectlombok\lombok\1.18.22\lombok-1.18.22.jar;D:\Apache Software Foundation\apache-maven-3.8.1-bin\repository\org\springframework\boot\spring-boot-starter-test\2.6.3\spring-boot-starter-test-2.6.3.jar;D:\Apache Software Foundation\apache-maven-3.8.1-bin\repository\org\springframework\boot\spring-boot-test\2.6.3\spring-boot-test-2.6.3.jar;D:\Apache Software Foundation\apache-maven-3.8.1-bin\repository\org\springframework\boot\spring-boot-test-autoconfigure\2.6.3\spring-boot-test-autoconfigure-2.6.3.jar;D:\Apache Software Foundation\apache-maven-3.8.1-bin\repository\com\jayway\jsonpath\json-path\2.6.0\json-path-2.6.0.jar;D:\Apache Software Foundation\apache-maven-3.8.1-bin\repository\net\minidev\json-smart\2.4.7\json-smart-2.4.7.jar;D:\Apache Software Foundation\apache-maven-3.8.1-bin\repository\net\minidev\accessors-smart\2.4.7\accessors-smart-2.4.7.jar;D:\Apache Software Foundation\apache-maven-3.8.1-bin\repository\org\ow2\asm\asm\9.1\asm-9.1.jar;D:\Apache Software Foundation\apache-maven-3.8.1-bin\repository\jakarta\xml\bind\jakarta.xml.bind-api\2.3.3\jakarta.xml.bind-api-2.3.3.jar;D:\Apache Software Foundation\apache-maven-3.8.1-bin\repository\jakarta\activation\jakarta.activation-api\1.2.2\jakarta.activation-api-1.2.2.jar;D:\Apache Software Foundation\apache-maven-3.8.1-bin\repository\org\assertj\assertj-core\3.21.0\assertj-core-3.21.0.jar;D:\Apache Software Foundation\apache-maven-3.8.1-bin\repository\org\hamcrest\hamcrest\2.2\hamcrest-2.2.jar;D:\Apache Software Foundation\apache-maven-3.8.1-bin\repository\org\junit\jupiter\junit-jupiter\5.8.2\junit-jupiter-5.8.2.jar;D:\Apache Software Foundation\apache-maven-3.8.1-bin\repository\org\junit\jupiter\junit-jupiter-api\5.8.2\junit-jupiter-api-5.8.2.jar;D:\Apache Software Foundation\apache-maven-3.8.1-bin\repository\org\opentest4j\opentest4j\1.2.0\opentest4j-1.2.0.jar;D:\Apache Software Foundation\apache-maven-3.8.1-bin\repository\org\junit\platform\junit-platform-commons\1.8.2\junit-platform-commons-1.8.2.jar;D:\Apache Software Foundation\apache-maven-3.8.1-bin\repository\org\apiguardian\apiguardian-api\1.1.2\apiguardian-api-1.1.2.jar;D:\Apache Software Foundation\apache-maven-3.8.1-bin\repository\org\junit\jupiter\junit-jupiter-params\5.8.2\junit-jupiter-params-5.8.2.jar;D:\Apache Software Foundation\apache-maven-3.8.1-bin\repository\org\junit\jupiter\junit-jupiter-engine\5.8.2\junit-jupiter-engine-5.8.2.jar;D:\Apache Software Foundation\apache-maven-3.8.1-bin\repository\org\junit\platform\junit-platform-engine\1.8.2\junit-platform-engine-1.8.2.jar;D:\Apache Software Foundation\apache-maven-3.8.1-bin\repository\org\mockito\mockito-core\4.0.0\mockito-core-4.0.0.jar;D:\Apache Software Foundation\apache-maven-3.8.1-bin\repository\net\bytebuddy\byte-buddy\1.11.22\byte-buddy-1.11.22.jar;D:\Apache Software Foundation\apache-maven-3.8.1-bin\repository\net\bytebuddy\byte-buddy-agent\1.11.22\byte-buddy-agent-1.11.22.jar;D:\Apache Software Foundation\apache-maven-3.8.1-bin\repository\org\objenesis\objenesis\3.2\objenesis-3.2.jar;D:\Apache Software Foundation\apache-maven-3.8.1-bin\repository\org\mockito\mockito-junit-jupiter\4.0.0\mockito-junit-jupiter-4.0.0.jar;D:\Apache Software Foundation\apache-maven-3.8.1-bin\repository\org\skyscreamer\jsonassert\1.5.0\jsonassert-1.5.0.jar;D:\Apache Software Foundation\apache-maven-3.8.1-bin\repository\com\vaadin\external\google\android-json\0.0.20131108.vaadin1\android-json-0.0.20131108.vaadin1.jar;D:\Apache Software Foundation\apache-maven-3.8.1-bin\repository\org\springframework\spring-core\5.3.15\spring-core-5.3.15.jar;D:\Apache Software Foundation\apache-maven-3.8.1-bin\repository\org\springframework\spring-jcl\5.3.15\spring-jcl-5.3.15.jar;D:\Apache Software Foundation\apache-maven-3.8.1-bin\repository\org\springframework\spring-test\5.3.15\spring-test-5.3.15.jar;D:\Apache Software Foundation\apache-maven-3.8.1-bin\repository\org\xmlunit\xmlunit-core\2.8.4\xmlunit-core-2.8.4.jar;D:\Apache Software Foundation\apache-maven-3.8.1-bin\repository\com\baomidou\mybatis-plus-generator\3.4.0\mybatis-plus-generator-3.4.0.jar;D:\Apache Software Foundation\apache-maven-3.8.1-bin\repository\com\baomidou\mybatis-plus-extension\3.4.0\mybatis-plus-extension-3.4.0.jar;D:\Apache Software Foundation\apache-maven-3.8.1-bin\repository\com\baomidou\mybatis-plus-core\3.4.0\mybatis-plus-core-3.4.0.jar;D:\Apache Software Foundation\apache-maven-3.8.1-bin\repository\com\baomidou\mybatis-plus-annotation\3.4.0\mybatis-plus-annotation-3.4.0.jar;D:\Apache Software Foundation\apache-maven-3.8.1-bin\repository\com\github\jsqlparser\jsqlparser\3.2\jsqlparser-3.2.jar;D:\Apache Software Foundation\apache-maven-3.8.1-bin\repository\org\mybatis\mybatis\3.5.5\mybatis-3.5.5.jar;D:\Apache Software Foundation\apache-maven-3.8.1-bin\repository\org\mybatis\mybatis-spring\2.0.5\mybatis-spring-2.0.5.jar;D:\Apache Software Foundation\apache-maven-3.8.1-bin\repository\com\baomidou\mybatis-plus-boot-starter\3.4.0\mybatis-plus-boot-starter-3.4.0.jar;D:\Apache Software Foundation\apache-maven-3.8.1-bin\repository\com\baomidou\mybatis-plus\3.4.0\mybatis-plus-3.4.0.jar;D:\Apache Software Foundation\apache-maven-3.8.1-bin\repository\org\springframework\boot\spring-boot-autoconfigure\2.6.3\spring-boot-autoconfigure-2.6.3.jar;D:\Apache Software Foundation\apache-maven-3.8.1-bin\repository\org\springframework\boot\spring-boot-starter-jdbc\2.6.3\spring-boot-starter-jdbc-2.6.3.jar;D:\Apache Software Foundation\apache-maven-3.8.1-bin\repository\com\zaxxer\HikariCP\4.0.3\HikariCP-4.0.3.jar;D:\Apache Software Foundation\apache-maven-3.8.1-bin\repository\org\springframework\spring-jdbc\5.3.15\spring-jdbc-5.3.15.jar;D:\Apache Software Foundation\apache-maven-3.8.1-bin\repository\org\freemarker\freemarker\2.3.31\freemarker-2.3.31.jar;D:\Apache Software Foundation\apache-maven-3.8.1-bin\repository\commons-codec\commons-codec\1.15\commons-codec-1.15.jar;D:\Apache Software Foundation\apache-maven-3.8.1-bin\repository\org\apache\commons\commons-lang3\3.6\commons-lang3-3.6.jar;D:\Apache Software Foundation\apache-maven-3.8.1-bin\repository\org\springframework\boot\spring-boot-starter-validation\2.6.3\spring-boot-starter-validation-2.6.3.jar;D:\Apache Software Foundation\apache-maven-3.8.1-bin\repository\org\apache\tomcat\embed\tomcat-embed-el\9.0.56\tomcat-embed-el-9.0.56.jar;D:\Apache Software Foundation\apache-maven-3.8.1-bin\repository\org\hibernate\validator\hibernate-validator\6.2.0.Final\hibernate-validator-6.2.0.Final.jar;D:\Apache Software Foundation\apache-maven-3.8.1-bin\repository\jakarta\validation\jakarta.validation-api\2.0.2\jakarta.validation-api-2.0.2.jar;D:\Apache Software Foundation\apache-maven-3.8.1-bin\repository\org\jboss\logging\jboss-logging\3.4.3.Final\jboss-logging-3.4.3.Final.jar;D:\Apache Software Foundation\apache-maven-3.8.1-bin\repository\com\fasterxml\classmate\1.5.1\classmate-1.5.1.jar;D:\Apache Software Foundation\apache-maven-3.8.1-bin\repository\org\springframework\boot\spring-boot-starter-data-redis\2.6.3\spring-boot-starter-data-redis-2.6.3.jar;D:\Apache Software Foundation\apache-maven-3.8.1-bin\repository\org\springframework\data\spring-data-redis\2.6.1\spring-data-redis-2.6.1.jar;D:\Apache Software Foundation\apache-maven-3.8.1-bin\repository\org\springframework\data\spring-data-keyvalue\2.6.1\spring-data-keyvalue-2.6.1.jar;D:\Apache Software Foundation\apache-maven-3.8.1-bin\repository\org\springframework\data\spring-data-commons\2.6.1\spring-data-commons-2.6.1.jar;D:\Apache Software Foundation\apache-maven-3.8.1-bin\repository\org\springframework\spring-tx\5.3.15\spring-tx-5.3.15.jar;D:\Apache Software Foundation\apache-maven-3.8.1-bin\repository\org\springframework\spring-oxm\5.3.15\spring-oxm-5.3.15.jar;D:\Apache Software Foundation\apache-maven-3.8.1-bin\repository\org\springframework\spring-context-support\5.3.15\spring-context-support-5.3.15.jar;D:\Apache Software Foundation\apache-maven-3.8.1-bin\repository\io\lettuce\lettuce-core\6.1.6.RELEASE\lettuce-core-6.1.6.RELEASE.jar;D:\Apache Software Foundation\apache-maven-3.8.1-bin\repository\io\netty\netty-common\4.1.73.Final\netty-common-4.1.73.Final.jar;D:\Apache Software Foundation\apache-maven-3.8.1-bin\repository\io\netty\netty-handler\4.1.73.Final\netty-handler-4.1.73.Final.jar;D:\Apache Software Foundation\apache-maven-3.8.1-bin\repository\io\netty\netty-resolver\4.1.73.Final\netty-resolver-4.1.73.Final.jar;D:\Apache Software Foundation\apache-maven-3.8.1-bin\repository\io\netty\netty-buffer\4.1.73.Final\netty-buffer-4.1.73.Final.jar;D:\Apache Software Foundation\apache-maven-3.8.1-bin\repository\io\netty\netty-codec\4.1.73.Final\netty-codec-4.1.73.Final.jar;D:\Apache Software Foundation\apache-maven-3.8.1-bin\repository\io\netty\netty-tcnative-classes\2.0.46.Final\netty-tcnative-classes-2.0.46.Final.jar;D:\Apache Software Foundation\apache-maven-3.8.1-bin\repository\io\netty\netty-transport\4.1.73.Final\netty-transport-4.1.73.Final.jar;D:\Apache Software Foundation\apache-maven-3.8.1-bin\repository\io\projectreactor\reactor-core\3.4.14\reactor-core-3.4.14.jar;D:\Apache Software Foundation\apache-maven-3.8.1-bin\repository\org\reactivestreams\reactive-streams\1.0.3\reactive-streams-1.0.3.jar;D:\Apache Software Foundation\apache-maven-3.8.1-bin\repository\org\apache\commons\commons-pool2\2.11.1\commons-pool2-2.11.1.jar;"/>
    <property name="sun.cpu.endian" value="little"/>
    <property name="user.home" value="C:\Users\12072"/>
    <property name="user.language" value="zh"/>
    <property name="java.specification.vendor" value="Oracle Corporation"/>
    <property name="java.home" value="D:\Java\jdk1.8.0_271\jre"/>
    <property name="basedir" value="D:\Helloworld\IdeaProjects\seckill"/>
    <property name="file.separator" value="\"/>
    <property name="line.separator" value="&#10;"/>
    <property name="java.vm.specification.vendor" value="Oracle Corporation"/>
    <property name="java.specification.name" value="Java Platform API Specification"/>
    <property name="java.awt.graphicsenv" value="sun.awt.Win32GraphicsEnvironment"/>
    <property name="surefire.real.class.path" value="C:\Users\12072\AppData\Local\Temp\surefire2840716758971414316\surefirebooter526431143078999878.jar"/>
    <property name="sun.boot.class.path" value="D:\Java\jdk1.8.0_271\jre\lib\resources.jar;D:\Java\jdk1.8.0_271\jre\lib\rt.jar;D:\Java\jdk1.8.0_271\jre\lib\sunrsasign.jar;D:\Java\jdk1.8.0_271\jre\lib\jsse.jar;D:\Java\jdk1.8.0_271\jre\lib\jce.jar;D:\Java\jdk1.8.0_271\jre\lib\charsets.jar;D:\Java\jdk1.8.0_271\jre\lib\jfr.jar;D:\Java\jdk1.8.0_271\jre\classes"/>
    <property name="user.script" value=""/>
    <property name="sun.management.compiler" value="HotSpot 64-Bit Tiered Compilers"/>
    <property name="java.runtime.version" value="1.8.0_271-b09"/>
    <property name="user.name" value="12072"/>
    <property name="path.separator" value=";"/>
    <property name="os.version" value="10.0"/>
    <property name="java.endorsed.dirs" value="D:\Java\jdk1.8.0_271\jre\lib\endorsed"/>
    <property name="java.runtime.name" value="Java(TM) SE Runtime Environment"/>
    <property name="file.encoding" value="GBK"/>
    <property name="java.vm.name" value="Java HotSpot(TM) 64-Bit Server VM"/>
    <property name="localRepository" value="D:\Apache Software Foundation\apache-maven-3.8.1-bin\repository"/>
    <property name="java.vendor.url.bug" value="http://bugreport.sun.com/bugreport/"/>
    <property name="java.io.tmpdir" value="C:\Users\12072\AppData\Local\Temp\"/>
    <property name="idea.version" value="2022.1.2"/>
    <property name="java.version" value="1.8.0_271"/>
    <property name="user.dir" value="D:\Helloworld\IdeaProjects\seckill"/>
    <property name="os.arch" value="amd64"/>
    <property name="java.vm.specification.name" value="Java Virtual Machine Specification"/>
    <property name="java.awt.printerjob" value="sun.awt.windows.WPrinterJob"/>
    <property name="sun.os.patch.level" value=""/>
    <property name="java.library.path" value="D:\Java\jdk1.8.0_271\jre\bin;C:\WINDOWS\Sun\Java\bin;C:\WINDOWS\system32;C:\WINDOWS;&quot;D:\Java\jdk1.8.0_271\bin;D:\Java\jdk1.8.0_271\jre\bin;&quot;;C:\Program Files (x86)\Common Files\Oracle\Java\javapath;C:\Program Files (x86)\Intel\Intel(R) Management Engine Components\iCLS\;C:\Program Files\Intel\Intel(R) Management Engine Components\iCLS\;C:\Windows\system32;C:\Windows;C:\Windows\System32\Wbem;C:\Windows\System32\WindowsPowerShell\v1.0\;C:\Program Files (x86)\NVIDIA Corporation\PhysX\Common;C:\Program Files (x86)\Intel\Intel(R) Management Engine Components\DAL;C:\Program Files\Intel\Intel(R) Management Engine Components\DAL;C:\Program Files (x86)\Intel\Intel(R) Management Engine Components\IPT;C:\Program Files\Intel\Intel(R) Management Engine Components\IPT;C:\Program Files\Intel\WiFi\bin\;C:\Program Files\Common Files\Intel\WirelessCommon\;C:\Windows\System32\OpenSSH\;C:\Program Files\NVIDIA Corporation\NVIDIA NvDLISR;C:\Program Files\dotnet\;C:\WINDOWS\system32;C:\WINDOWS;C:\WINDOWS\System32\Wbem;C:\WINDOWS\System32\WindowsPowerShell\v1.0\;C:\WINDOWS\System32\OpenSSH\;D:\Apache Software Foundation\apache-maven-3.8.1-bin\apache-maven-3.8.1\bin;C:\Program Files (x86)\GtkSharp\2.12\bin;D:\Program Files\Git\cmd;C:\Users\12072\AppData\Local\Microsoft\WindowsApps;D:\Program Files\Microsoft VS Code\bin;D:\Program Files\JetBrains\IntelliJ IDEA 2020.1\bin;;D:\Program Files\JetBrains\PyCharm Community Edition 2021.1\bin;;C:\Users\12072\.dotnet\tools;C:\Users\12072\AppData\Local\GitHubDesktop\bin;C:\ProgramData\12072\GitHubDesktop\bin;D:\Program Files\JetBrains\IntelliJ IDEA Community Edition 2022.1.2\bin;;."/>
    <property name="java.vm.info" value="mixed mode"/>
    <property name="java.vendor" value="Oracle Corporation"/>
    <property name="java.vm.version" value="25.271-b09"/>
    <property name="java.ext.dirs" value="D:\Java\jdk1.8.0_271\jre\lib\ext;C:\WINDOWS\Sun\Java\lib\ext"/>
    <property name="sun.io.unicode.encoding" value="UnicodeLittle"/>
    <property name="maven.repo.local" value="D:\Apache Software Foundation\apache-maven-3.8.1-bin\repository"/>
    <property name="java.class.version" value="52.0"/>
  </properties>
  <testcase name="contextLoads" classname="com.coffee.SeckillApplicationTests" time="0.232"/>
</testsuite>